app/build/intermediates/manifest_merge_blame_file/debug/manifest-merger-blame-debug-report.txt
1<?xml version="1.0" encoding="utf-8"?>
2<manifest xmlns:android="http://schemas.android.com/apk/res/android"
3    package="com.example.facebookloginlibrary"
4    android:versionCode="1"
5    android:versionName="1.0" >
6
7    <uses-sdk
8        android:minSdkVersion="16"
8-->src/main/AndroidManifest.xml
9        android:targetSdkVersion="29" />
9-->src/main/AndroidManifest.xml
10
11    <uses-permission android:name="android.permission.INTERNET" />
11-->[:FacebookLoginLibrary] AndroidManifest.xml:11:5-67
11-->[:FacebookLoginLibrary] AndroidManifest.xml:11:22-64
12    <uses-permission android:name="com.google.android.finsky.permission.BIND_GET_INSTALL_REFERRER_SERVICE" />
12-->[com.android.installreferrer:installreferrer:1.0] AndroidManifest.xml:9:5-110
12-->[com.android.installreferrer:installreferrer:1.0] AndroidManifest.xml:9:22-107
13
14    <application
14-->src/main/AndroidManifest.xml:5:5-20:19
15        android:name="com.example.facebookloginlibrary.FaceBookApplication"
15-->src/main/AndroidManifest.xml:9:9-44
16        android:allowBackup="true"
16-->src/main/AndroidManifest.xml:6:9-35
17        android:appComponentFactory="androidx.core.app.CoreComponentFactory"
17-->[androidx.core:core:1.3.1] AndroidManifest.xml:24:18-86
18        android:debuggable="true"
19        android:icon="@mipmap/ic_launcher"
19-->src/main/AndroidManifest.xml:7:9-43
20        android:label="@string/app_name"
20-->src/main/AndroidManifest.xml:8:9-41
21        android:roundIcon="@mipmap/ic_launcher_round"
21-->src/main/AndroidManifest.xml:10:9-54
22        android:supportsRtl="true"
22-->src/main/AndroidManifest.xml:11:9-35
23        android:testOnly="true"
24        android:theme="@style/Theme.FacebookLoginLibrary" >
24-->src/main/AndroidManifest.xml:12:9-58
25        <activity android:name="com.example.facebookloginlibrary.MainActivity" >
25-->src/main/AndroidManifest.xml:13:9-19:20
25-->src/main/AndroidManifest.xml:13:19-47
26            <intent-filter>
26-->src/main/AndroidManifest.xml:14:13-18:29
27                <action android:name="android.intent.action.MAIN" />
27-->src/main/AndroidManifest.xml:15:17-69
27-->src/main/AndroidManifest.xml:15:25-66
28
29                <category android:name="android.intent.category.LAUNCHER" />
29-->src/main/AndroidManifest.xml:17:17-77
29-->src/main/AndroidManifest.xml:17:27-74
30            </intent-filter>
31        </activity>
32
33        <meta-data
33-->[:FacebookLoginLibrary] AndroidManifest.xml:14:9-16:55
34            android:name="com.facebook.sdk.ApplicationId"
34-->[:FacebookLoginLibrary] AndroidManifest.xml:15:13-58
35            android:value="@string/facebook_app_id" />
35-->[:FacebookLoginLibrary] AndroidManifest.xml:16:13-52
36
37        <activity
37-->[com.facebook.android:facebook-common:5.15.3] AndroidManifest.xml:30:9-33:66
38            android:name="com.facebook.FacebookActivity"
38-->[com.facebook.android:facebook-common:5.15.3] AndroidManifest.xml:31:13-57
39            android:configChanges="keyboard|keyboardHidden|screenLayout|screenSize|orientation"
39-->[com.facebook.android:facebook-common:5.15.3] AndroidManifest.xml:32:13-96
40            android:theme="@style/com_facebook_activity_theme" />
40-->[com.facebook.android:facebook-common:5.15.3] AndroidManifest.xml:33:13-63
41        <activity android:name="com.facebook.CustomTabMainActivity" />
41-->[com.facebook.android:facebook-common:5.15.3] AndroidManifest.xml:34:9-71
41-->[com.facebook.android:facebook-common:5.15.3] AndroidManifest.xml:34:19-68
42        <activity
42-->[com.facebook.android:facebook-common:5.15.3] AndroidManifest.xml:35:9-49:20
43            android:name="com.facebook.CustomTabActivity"
43-->[com.facebook.android:facebook-common:5.15.3] AndroidManifest.xml:36:13-58
44            android:exported="true" >
44-->[com.facebook.android:facebook-common:5.15.3] AndroidManifest.xml:37:13-36
45            <intent-filter>
45-->[com.facebook.android:facebook-common:5.15.3] AndroidManifest.xml:39:13-48:29
46                <action android:name="android.intent.action.VIEW" />
46-->[com.facebook.android:facebook-common:5.15.3] AndroidManifest.xml:40:17-69
46-->[com.facebook.android:facebook-common:5.15.3] AndroidManifest.xml:40:25-66
47
48                <category android:name="android.intent.category.DEFAULT" />
48-->[com.facebook.android:facebook-common:5.15.3] AndroidManifest.xml:42:17-76
48-->[com.facebook.android:facebook-common:5.15.3] AndroidManifest.xml:42:27-73
49                <category android:name="android.intent.category.BROWSABLE" />
49-->[com.facebook.android:facebook-common:5.15.3] AndroidManifest.xml:43:17-78
49-->[com.facebook.android:facebook-common:5.15.3] AndroidManifest.xml:43:27-75
50
51                <data
51-->[com.facebook.android:facebook-common:5.15.3] AndroidManifest.xml:45:17-47:50
52                    android:host="cct.com.example.facebookloginlibrary"
52-->[com.facebook.android:facebook-common:5.15.3] AndroidManifest.xml:46:21-56
53                    android:scheme="fbconnect" />
53-->[com.facebook.android:facebook-common:5.15.3] AndroidManifest.xml:47:21-47
54            </intent-filter>
55        </activity>
56        <!--
57         The initialization ContentProvider will call FacebookSdk.sdkInitialize automatically
58         with the application context. This config is merged in with the host app's manifest,
59         but there can only be one provider with the same authority activated at any given
60         point; so if the end user has two or more different apps that use Facebook SDK, only the
61         first one will be able to use the provider. To work around this problem, we use the
62         following placeholder in the authority to identify each host application as if it was
63         a completely different provider.
64        -->
65        <provider
65-->[com.facebook.android:facebook-core:5.15.3] AndroidManifest.xml:39:9-42:40
66            android:name="com.facebook.internal.FacebookInitProvider"
66-->[com.facebook.android:facebook-core:5.15.3] AndroidManifest.xml:40:13-70
67            android:authorities="com.example.facebookloginlibrary.FacebookInitProvider"
67-->[com.facebook.android:facebook-core:5.15.3] AndroidManifest.xml:41:13-72
68            android:exported="false" />
68-->[com.facebook.android:facebook-core:5.15.3] AndroidManifest.xml:42:13-37
69
70        <receiver
70-->[com.facebook.android:facebook-core:5.15.3] AndroidManifest.xml:44:9-50:20
71            android:name="com.facebook.CurrentAccessTokenExpirationBroadcastReceiver"
71-->[com.facebook.android:facebook-core:5.15.3] AndroidManifest.xml:45:13-86
72            android:exported="false" >
72-->[com.facebook.android:facebook-core:5.15.3] AndroidManifest.xml:46:13-37
73            <intent-filter>
73-->[com.facebook.android:facebook-core:5.15.3] AndroidManifest.xml:47:13-49:29
74                <action android:name="com.facebook.sdk.ACTION_CURRENT_ACCESS_TOKEN_CHANGED" />
74-->[com.facebook.android:facebook-core:5.15.3] AndroidManifest.xml:48:17-95
74-->[com.facebook.android:facebook-core:5.15.3] AndroidManifest.xml:48:25-92
75            </intent-filter>
76        </receiver>
77    </application>
78
79</manifest>